[debug] [2025-03-03T23:30:13.097Z] ----------------------------------------------------------------------
[debug] [2025-03-03T23:30:13.103Z] Command:       /Users/kazuki/.nvm/versions/node/v20.14.0/bin/node /Users/kazuki/.nvm/versions/node/v20.14.0/bin/firebase deploy
[debug] [2025-03-03T23:30:13.103Z] CLI Version:   13.32.0
[debug] [2025-03-03T23:30:13.103Z] Platform:      darwin
[debug] [2025-03-03T23:30:13.103Z] Node Version:  v20.14.0
[debug] [2025-03-03T23:30:13.103Z] Time:          Tue Mar 04 2025 08:30:13 GMT+0900 (日本標準時)
[debug] [2025-03-03T23:30:13.103Z] ----------------------------------------------------------------------
[debug] 
[debug] [2025-03-03T23:30:13.200Z] > command requires scopes: ["email","openid","https://www.googleapis.com/auth/cloudplatformprojects.readonly","https://www.googleapis.com/auth/firebase","https://www.googleapis.com/auth/cloud-platform"]
[debug] [2025-03-03T23:30:13.200Z] > authorizing via signed-in user (shancun.kazuki@gmail.com)
[debug] [2025-03-03T23:30:13.200Z] [iam] checking project meditation-timer-app for permissions ["firebase.projects.get","firebasehosting.sites.update"]
[debug] [2025-03-03T23:30:13.201Z] Checked if tokens are valid: true, expires at: 1741047812977
[debug] [2025-03-03T23:30:13.201Z] Checked if tokens are valid: true, expires at: 1741047812977
[debug] [2025-03-03T23:30:13.201Z] >>> [apiv2][query] POST https://cloudresourcemanager.googleapis.com/v1/projects/meditation-timer-app:testIamPermissions [none]
[debug] [2025-03-03T23:30:13.201Z] >>> [apiv2][(partial)header] POST https://cloudresourcemanager.googleapis.com/v1/projects/meditation-timer-app:testIamPermissions x-goog-quota-user=projects/meditation-timer-app
[debug] [2025-03-03T23:30:13.201Z] >>> [apiv2][body] POST https://cloudresourcemanager.googleapis.com/v1/projects/meditation-timer-app:testIamPermissions {"permissions":["firebase.projects.get","firebasehosting.sites.update"]}
[debug] [2025-03-03T23:30:14.250Z] <<< [apiv2][status] POST https://cloudresourcemanager.googleapis.com/v1/projects/meditation-timer-app:testIamPermissions 200
[debug] [2025-03-03T23:30:14.250Z] <<< [apiv2][body] POST https://cloudresourcemanager.googleapis.com/v1/projects/meditation-timer-app:testIamPermissions {}
[debug] [2025-03-03T23:30:14.250Z] [iam] error while checking permissions, command may fail: Authorization failed. This account is missing the following required permissions on project meditation-timer-app:

  firebase.projects.get
  firebasehosting.sites.update
[debug] [2025-03-03T23:30:14.251Z] Checked if tokens are valid: true, expires at: 1741047812977
[debug] [2025-03-03T23:30:14.251Z] Checked if tokens are valid: true, expires at: 1741047812977
[debug] [2025-03-03T23:30:14.251Z] >>> [apiv2][query] GET https://firebase.googleapis.com/v1beta1/projects/meditation-timer-app [none]
[debug] [2025-03-03T23:30:14.764Z] <<< [apiv2][status] GET https://firebase.googleapis.com/v1beta1/projects/meditation-timer-app 403
[debug] [2025-03-03T23:30:14.764Z] <<< [apiv2][body] GET https://firebase.googleapis.com/v1beta1/projects/meditation-timer-app {"error":{"code":403,"message":"The caller does not have permission","status":"PERMISSION_DENIED"}}
[debug] [2025-03-03T23:30:14.765Z] Request to https://firebase.googleapis.com/v1beta1/projects/meditation-timer-app had HTTP Error: 403, The caller does not have permission
[debug] [2025-03-03T23:30:15.046Z] FirebaseError: Request to https://firebase.googleapis.com/v1beta1/projects/meditation-timer-app had HTTP Error: 403, The caller does not have permission
    at responseToError (/Users/kazuki/.nvm/versions/node/v20.14.0/lib/node_modules/firebase-tools/lib/responseToError.js:52:12)
    at RetryOperation._fn (/Users/kazuki/.nvm/versions/node/v20.14.0/lib/node_modules/firebase-tools/lib/apiv2.js:312:77)
    at process.processTicksAndRejections (node:internal/process/task_queues:95:5)
[error] 
[error] Error: Failed to get Firebase project meditation-timer-app. Please make sure the project exists and your account has permission to access it.
